<?xml version="1.0" encoding="UTF-8" ?>
<testsuite tests="1" failures="0" name="com.fomjar.core.anno.TestAnno" time="0.182" errors="1" skipped="0">
  <properties>
    <property name="idea.version" value="2018.2.8"/>
    <property name="java.runtime.name" value="Java(TM) SE Runtime Environment"/>
    <property name="sun.boot.library.path" value="/Library/Java/JavaVirtualMachines/jdk1.8.0_181.jdk/Contents/Home/jre/lib"/>
    <property name="java.vm.version" value="25.181-b13"/>
    <property name="gopherProxySet" value="false"/>
    <property name="java.vm.vendor" value="Oracle Corporation"/>
    <property name="maven.multiModuleProjectDirectory" value="/Users/fomjar/Documents/code/fomjar-core"/>
    <property name="java.vendor.url" value="http://java.oracle.com/"/>
    <property name="path.separator" value=":"/>
    <property name="guice.disable.misplaced.annotation.check" value="true"/>
    <property name="java.vm.name" value="Java HotSpot(TM) 64-Bit Server VM"/>
    <property name="file.encoding.pkg" value="sun.io"/>
    <property name="user.country" value="CN"/>
    <property name="sun.java.launcher" value="SUN_STANDARD"/>
    <property name="sun.os.patch.level" value="unknown"/>
    <property name="java.vm.specification.name" value="Java Virtual Machine Specification"/>
    <property name="user.dir" value="/Users/fomjar/Documents/code/fomjar-core"/>
    <property name="java.runtime.version" value="1.8.0_181-b13"/>
    <property name="java.awt.graphicsenv" value="sun.awt.CGraphicsEnvironment"/>
    <property name="java.endorsed.dirs" value="/Library/Java/JavaVirtualMachines/jdk1.8.0_181.jdk/Contents/Home/jre/lib/endorsed"/>
    <property name="os.arch" value="x86_64"/>
    <property name="java.io.tmpdir" value="/var/folders/5d/g38lgvt110j05kqspd4cblg40000gp/T/"/>
    <property name="line.separator" value="
"/>
    <property name="java.vm.specification.vendor" value="Oracle Corporation"/>
    <property name="os.name" value="Mac OS X"/>
    <property name="classworlds.conf" value="/Applications/IntelliJ IDEA.app/Contents/plugins/maven/lib/maven3/bin/m2.conf"/>
    <property name="sun.jnu.encoding" value="UTF-8"/>
    <property name="java.library.path" value="/Users/fomjar/Library/Java/Extensions:/Library/Java/Extensions:/Network/Library/Java/Extensions:/System/Library/Java/Extensions:/usr/lib/java:."/>
    <property name="java.specification.name" value="Java Platform API Specification"/>
    <property name="java.class.version" value="52.0"/>
    <property name="sun.management.compiler" value="HotSpot 64-Bit Tiered Compilers"/>
    <property name="os.version" value="10.14.5"/>
    <property name="http.nonProxyHosts" value="local|*.local|169.254/16|*.169.254/16"/>
    <property name="user.home" value="/Users/fomjar"/>
    <property name="user.timezone" value="Asia/Shanghai"/>
    <property name="java.awt.printerjob" value="sun.lwawt.macosx.CPrinterJob"/>
    <property name="java.specification.version" value="1.8"/>
    <property name="file.encoding" value="UTF-8"/>
    <property name="user.name" value="fomjar"/>
    <property name="java.class.path" value="/Applications/IntelliJ IDEA.app/Contents/plugins/maven/lib/maven3/boot/plexus-classworlds-2.5.2.jar:/Applications/IntelliJ IDEA.app/Contents/lib/idea_rt.jar"/>
    <property name="java.vm.specification.version" value="1.8"/>
    <property name="sun.arch.data.model" value="64"/>
    <property name="java.home" value="/Library/Java/JavaVirtualMachines/jdk1.8.0_181.jdk/Contents/Home/jre"/>
    <property name="sun.java.command" value="org.codehaus.classworlds.Launcher -Didea.version=2018.2.8 install"/>
    <property name="java.specification.vendor" value="Oracle Corporation"/>
    <property name="user.language" value="zh"/>
    <property name="awt.toolkit" value="sun.lwawt.macosx.LWCToolkit"/>
    <property name="java.vm.info" value="mixed mode"/>
    <property name="java.version" value="1.8.0_181"/>
    <property name="java.ext.dirs" value="/Users/fomjar/Library/Java/Extensions:/Library/Java/JavaVirtualMachines/jdk1.8.0_181.jdk/Contents/Home/jre/lib/ext:/Library/Java/Extensions:/Network/Library/Java/Extensions:/System/Library/Java/Extensions:/usr/lib/java"/>
    <property name="sun.boot.class.path" value="/Library/Java/JavaVirtualMachines/jdk1.8.0_181.jdk/Contents/Home/jre/lib/resources.jar:/Library/Java/JavaVirtualMachines/jdk1.8.0_181.jdk/Contents/Home/jre/lib/rt.jar:/Library/Java/JavaVirtualMachines/jdk1.8.0_181.jdk/Contents/Home/jre/lib/sunrsasign.jar:/Library/Java/JavaVirtualMachines/jdk1.8.0_181.jdk/Contents/Home/jre/lib/jsse.jar:/Library/Java/JavaVirtualMachines/jdk1.8.0_181.jdk/Contents/Home/jre/lib/jce.jar:/Library/Java/JavaVirtualMachines/jdk1.8.0_181.jdk/Contents/Home/jre/lib/charsets.jar:/Library/Java/JavaVirtualMachines/jdk1.8.0_181.jdk/Contents/Home/jre/lib/jfr.jar:/Library/Java/JavaVirtualMachines/jdk1.8.0_181.jdk/Contents/Home/jre/classes"/>
    <property name="java.vendor" value="Oracle Corporation"/>
    <property name="maven.home" value="/Applications/IntelliJ IDEA.app/Contents/plugins/maven/lib/maven3"/>
    <property name="file.separator" value="/"/>
    <property name="java.vendor.url.bug" value="http://bugreport.sun.com/bugreport/"/>
    <property name="sun.cpu.endian" value="little"/>
    <property name="sun.io.unicode.encoding" value="UnicodeBig"/>
    <property name="socksNonProxyHosts" value="local|*.local|169.254/16|*.169.254/16"/>
    <property name="ftp.nonProxyHosts" value="local|*.local|169.254/16|*.169.254/16"/>
    <property name="sun.cpu.isalist" value=""/>
  </properties>
  <testcase classname="com.fomjar.core.anno.TestAnno" name="test" time="0.182">
    <error message="Could not initialize class com.fomjar.core.perf.QueuedExecutor" type="java.lang.NoClassDefFoundError">java.lang.NoClassDefFoundError: Could not initialize class com.fomjar.core.perf.QueuedExecutor
	at java.lang.Class.forName0(Native Method)
	at java.lang.Class.forName(Class.java:264)
	at com.fomjar.core.anno.Anno.scan(Anno.java:44)
	at com.fomjar.core.anno.TestAnno.test(TestAnno.java:15)
	at sun.reflect.NativeMethodAccessorImpl.invoke0(Native Method)
	at sun.reflect.NativeMethodAccessorImpl.invoke(NativeMethodAccessorImpl.java:62)
	at sun.reflect.DelegatingMethodAccessorImpl.invoke(DelegatingMethodAccessorImpl.java:43)
	at java.lang.reflect.Method.invoke(Method.java:498)
	at org.junit.runners.model.FrameworkMethod$1.runReflectiveCall(FrameworkMethod.java:50)
	at org.junit.internal.runners.model.ReflectiveCallable.run(ReflectiveCallable.java:12)
	at org.junit.runners.model.FrameworkMethod.invokeExplosively(FrameworkMethod.java:47)
	at org.junit.internal.runners.statements.InvokeMethod.evaluate(InvokeMethod.java:17)
	at org.junit.runners.ParentRunner.runLeaf(ParentRunner.java:325)
	at org.junit.runners.BlockJUnit4ClassRunner.runChild(BlockJUnit4ClassRunner.java:78)
	at org.junit.runners.BlockJUnit4ClassRunner.runChild(BlockJUnit4ClassRunner.java:57)
	at org.junit.runners.ParentRunner$3.run(ParentRunner.java:290)
	at org.junit.runners.ParentRunner$1.schedule(ParentRunner.java:71)
	at org.junit.runners.ParentRunner.runChildren(ParentRunner.java:288)
	at org.junit.runners.ParentRunner.access$000(ParentRunner.java:58)
	at org.junit.runners.ParentRunner$2.evaluate(ParentRunner.java:268)
	at org.junit.runners.ParentRunner.run(ParentRunner.java:363)
	at org.apache.maven.surefire.junit4.JUnit4Provider.execute(JUnit4Provider.java:252)
	at org.apache.maven.surefire.junit4.JUnit4Provider.executeTestSet(JUnit4Provider.java:141)
	at org.apache.maven.surefire.junit4.JUnit4Provider.invoke(JUnit4Provider.java:112)
	at sun.reflect.NativeMethodAccessorImpl.invoke0(Native Method)
	at sun.reflect.NativeMethodAccessorImpl.invoke(NativeMethodAccessorImpl.java:62)
	at sun.reflect.DelegatingMethodAccessorImpl.invoke(DelegatingMethodAccessorImpl.java:43)
	at java.lang.reflect.Method.invoke(Method.java:498)
	at org.apache.maven.surefire.util.ReflectionUtils.invokeMethodWithArray(ReflectionUtils.java:189)
	at org.apache.maven.surefire.booter.ProviderFactory$ProviderProxy.invoke(ProviderFactory.java:165)
	at org.apache.maven.surefire.booter.ProviderFactory.invokeProvider(ProviderFactory.java:85)
	at org.apache.maven.surefire.booter.ForkedBooter.runSuitesInProcess(ForkedBooter.java:115)
	at org.apache.maven.surefire.booter.ForkedBooter.main(ForkedBooter.java:75)
</error>
    <system-out>public void com.fomjar.core.anno.TestAnno.test() throws java.io.IOException,java.lang.ClassNotFoundException
[METHOD ANNO] interface org.junit.Test
public void com.fomjar.core.coll.TestColls.testColls()
[METHOD ANNO] interface org.junit.Test
public void com.fomjar.core.el.TestEL.testAviatorEL() throws java.lang.Exception
[METHOD ANNO] interface org.junit.Test
public void com.fomjar.core.el.TestEL.testFreeMarkerEL() throws java.lang.Exception
[METHOD ANNO] interface org.junit.Test
public void com.fomjar.core.eq.TestEventQueue.test()
[METHOD ANNO] interface org.junit.Test
public static void com.fomjar.core.lio.TestLIO.setup()
[METHOD ANNO] interface org.junit.BeforeClass
public void com.fomjar.core.lio.TestLIO.restWebSocketLIO() throws java.lang.InterruptedException
[METHOD ANNO] interface org.junit.Test
public void com.fomjar.core.oss.TestOSS.testMinioOSS() throws java.io.IOException
[METHOD ANNO] interface org.junit.Test
public void com.fomjar.core.perf.TestExecutor.testMain() throws java.lang.InterruptedException
[METHOD ANNO] interface org.junit.Test
public void com.fomjar.core.perf.TestExecutor.testNew() throws java.lang.InterruptedException
[METHOD ANNO] interface org.junit.Test
public void com.fomjar.core.pio.TestPIO.testJava() throws java.io.IOException,java.lang.InterruptedException
[METHOD ANNO] interface org.junit.Test
public void com.fomjar.core.pio.TestPIO.testPython() throws java.io.IOException,java.lang.InterruptedException
[METHOD ANNO] interface org.junit.Test
public void com.fomjar.core.pio.TestPIO.testNode() throws java.io.IOException,java.lang.InterruptedException
[METHOD ANNO] interface org.junit.Test
class com.fomjar.core.lio.WebSocketLIO$WebSocketHandler
[CLASS  ANNO] interface org.eclipse.jetty.websocket.api.annotations.WebSocket
public void com.fomjar.core.lio.WebSocketLIO$WebSocketHandler.onWebSocketConnect(org.eclipse.jetty.websocket.api.Session) throws java.io.IOException
[METHOD ANNO] interface org.eclipse.jetty.websocket.api.annotations.OnWebSocketConnect
public void com.fomjar.core.lio.WebSocketLIO$WebSocketHandler.onWebSocketClose(org.eclipse.jetty.websocket.api.Session,int,java.lang.String)
[METHOD ANNO] interface org.eclipse.jetty.websocket.api.annotations.OnWebSocketClose
public void com.fomjar.core.lio.WebSocketLIO$WebSocketHandler.onWebSocketMessage(org.eclipse.jetty.websocket.api.Session,byte[],int,int) throws java.io.IOException
[METHOD ANNO] interface org.eclipse.jetty.websocket.api.annotations.OnWebSocketMessage
public void com.fomjar.core.lio.WebSocketLIO$WebSocketHandler.onWebSocketError(org.eclipse.jetty.websocket.api.Session,java.lang.Throwable)
[METHOD ANNO] interface org.eclipse.jetty.websocket.api.annotations.OnWebSocketError
public void com.fomjar.core.lio.WebSocketLIO$WebSocketHandler.onWebSocketFrame(org.eclipse.jetty.websocket.api.Session,org.eclipse.jetty.websocket.api.extensions.Frame)
[METHOD ANNO] interface org.eclipse.jetty.websocket.api.annotations.OnWebSocketFrame
class com.fomjar.core.lio.WebSocketLIOServer$WebSocketHandler
[CLASS  ANNO] interface org.eclipse.jetty.websocket.api.annotations.WebSocket
public void com.fomjar.core.lio.WebSocketLIOServer$WebSocketHandler.onWebSocketConnect(org.eclipse.jetty.websocket.api.Session) throws java.io.IOException
[METHOD ANNO] interface org.eclipse.jetty.websocket.api.annotations.OnWebSocketConnect
public void com.fomjar.core.lio.WebSocketLIOServer$WebSocketHandler.onWebSocketClose(org.eclipse.jetty.websocket.api.Session,int,java.lang.String) throws java.io.IOException
[METHOD ANNO] interface org.eclipse.jetty.websocket.api.annotations.OnWebSocketClose
public void com.fomjar.core.lio.WebSocketLIOServer$WebSocketHandler.onWebSocketMessage(org.eclipse.jetty.websocket.api.Session,byte[],int,int) throws java.io.IOException
[METHOD ANNO] interface org.eclipse.jetty.websocket.api.annotations.OnWebSocketMessage
public void com.fomjar.core.lio.WebSocketLIOServer$WebSocketHandler.onWebSocketError(org.eclipse.jetty.websocket.api.Session,java.lang.Throwable)
[METHOD ANNO] interface org.eclipse.jetty.websocket.api.annotations.OnWebSocketError
public void com.fomjar.core.lio.WebSocketLIOServer$WebSocketHandler.onWebSocketFrame(org.eclipse.jetty.websocket.api.Session,org.eclipse.jetty.websocket.api.extensions.Frame)
[METHOD ANNO] interface org.eclipse.jetty.websocket.api.annotations.OnWebSocketFrame
</system-out>
  </testcase>
</testsuite>